 Image propertyrental-web Building 
 Image propertyrental-api Building 
#1 [internal] load local bake definitions
#1 reading from stdin 1.08kB done
#1 DONE 0.0s

#2 [web internal] load build definition from Dockerfile
#2 transferring dockerfile: 468B done
#2 DONE 0.1s

#3 [api internal] load build definition from Dockerfile
#3 transferring dockerfile: 184B 0.0s done
#3 DONE 0.0s

#4 [web internal] load metadata for docker.io/library/nginx:alpine
#4 DONE 0.0s

#5 [web internal] load metadata for docker.io/library/node:20-alpine
#5 DONE 2.1s

#6 [api internal] load .dockerignore
#6 transferring context: 89B done
#6 DONE 0.0s

#7 [web internal] load .dockerignore
#7 transferring context: 95B done
#7 DONE 0.1s

#8 [api 1/5] FROM docker.io/library/node:20-alpine@sha256:f598378b5240225e6beab68fa9f356db1fb8efe55173e6d4d8153113bb8f333c
#8 resolve docker.io/library/node:20-alpine@sha256:f598378b5240225e6beab68fa9f356db1fb8efe55173e6d4d8153113bb8f333c 0.0s done
#8 DONE 0.1s

#9 [api internal] load build context
#9 transferring context: 18.15kB 0.0s done
#9 DONE 0.1s

#8 [web 1/5] FROM docker.io/library/node:20-alpine@sha256:f598378b5240225e6beab68fa9f356db1fb8efe55173e6d4d8153113bb8f333c
#8 resolve docker.io/library/node:20-alpine@sha256:f598378b5240225e6beab68fa9f356db1fb8efe55173e6d4d8153113bb8f333c 0.0s done
#8 DONE 0.1s

#10 [api 2/5] WORKDIR /app
#10 CACHED

#11 [api 3/5] COPY package*.json ./
#11 CACHED

#12 [api 4/5] RUN npm ci --omit=dev
#12 CACHED

#13 [web stage-1 1/3] FROM docker.io/library/nginx:alpine@sha256:1d13701a5f9f3fb01aaa88cef2344d65b6b5bf6b7d9fa4cf0dca557a8d7702ba
#13 resolve docker.io/library/nginx:alpine@sha256:1d13701a5f9f3fb01aaa88cef2344d65b6b5bf6b7d9fa4cf0dca557a8d7702ba 0.1s done
#13 ...

#14 [api 5/5] COPY . .
#14 DONE 0.2s

#15 [web internal] load build context
#15 transferring context: 7.09MB 0.3s done
#15 DONE 0.5s

#16 [api] exporting to image
#16 exporting layers 0.2s done
#16 ...

#10 [web 2/5] WORKDIR /app
#10 CACHED

#13 [web stage-1 1/3] FROM docker.io/library/nginx:alpine@sha256:1d13701a5f9f3fb01aaa88cef2344d65b6b5bf6b7d9fa4cf0dca557a8d7702ba
#13 DONE 0.5s

#16 [api] exporting to image
#16 exporting manifest sha256:a40e5a3656a1f0cc9bf80f90b6c5842e4cf26d6b7b9e0b97f34a6ffab87a1883 0.1s done
#16 exporting config sha256:4783d01e02ed8ae293c5b44a2ed329b2a4c388852426ca5f1f74598b45f7577a 0.0s done
#16 ...

#17 [web build 3/6] COPY package*.json ./
#17 DONE 0.1s

#16 [api] exporting to image
#16 exporting attestation manifest sha256:0af4753e038faea4ac9700bf8b4973a834bc175459b000250680e158cc31b73e 0.1s done
#16 exporting manifest list sha256:d55118f6f8a1d046f1386ff16f396ee1b634d8fe1f5e3791c7e959ca0d422269
#16 exporting manifest list sha256:d55118f6f8a1d046f1386ff16f396ee1b634d8fe1f5e3791c7e959ca0d422269 0.1s done
#16 naming to docker.io/library/propertyrental-api:latest 0.0s done
#16 unpacking to docker.io/library/propertyrental-api:latest 0.1s done
#16 DONE 0.7s

#18 [web build 4/6] RUN npm ci
#18 ...

#19 [api] resolving provenance for metadata file
#19 DONE 0.0s

#18 [web build 4/6] RUN npm ci
#18 5.311 
#18 5.311 added 177 packages, and audited 178 packages in 5s
#18 5.311 
#18 5.311 39 packages are looking for funding
#18 5.311   run `npm fund` for details
#18 5.313 
#18 5.313 1 moderate severity vulnerability
#18 5.313 
#18 5.313 To address all issues, run:
#18 5.313   npm audit fix
#18 5.313 
#18 5.313 Run `npm audit` for details.
#18 5.313 npm notice
#18 5.313 npm notice New major version of npm available! 10.8.2 -> 11.12.1
#18 5.313 npm notice Changelog: https://github.com/npm/cli/releases/tag/v11.12.1
#18 5.313 npm notice To update run: npm install -g npm@11.12.1
#18 5.313 npm notice
#18 DONE 5.4s

#20 [web build 5/6] COPY . .
#20 DONE 0.1s

#21 [web build 6/6] RUN npm run build
#21 0.436 
#21 0.436 > frontend@0.0.0 build
#21 0.436 > vite build
#21 0.436 
#21 0.825 vite v8.0.2 building client environment for production...
#21 0.851 [2Ktransforming...✓ 74 modules transformed.
#21 1.080 rendering chunks...
#21 1.150 computing gzip size...
#21 1.158 dist/index.html                           0.45 kB │ gzip:  0.29 kB
#21 1.158 dist/assets/p5-CJa_Bs0_.avif            163.50 kB
#21 1.158 dist/assets/p6-BQb1f9c5.avif            220.87 kB
#21 1.158 dist/assets/p2-BtvEEyfq.avif            221.25 kB
#21 1.158 dist/assets/p1-DQ0qimIP.avif            275.66 kB
#21 1.158 dist/assets/globe-pRQy8L6F.png          277.21 kB
#21 1.158 dist/assets/blackproperty-lyoJbyk_.png  311.82 kB
#21 1.158 dist/assets/img3-DZha3AHT.png           331.04 kB
#21 1.158 dist/assets/back-C6Q_8RV5.png           391.00 kB
#21 1.158 dist/assets/d5-Bin8NMLh.png             412.04 kB
#21 1.158 dist/assets/img2-C8gVHSaE.png           417.78 kB
#21 1.158 dist/assets/p3-D3cE0NhE.avif            471.02 kB
#21 1.158 dist/assets/img1-AToTBKLE.png           561.68 kB
#21 1.158 dist/assets/p4-Dv4XBWdV.avif            981.24 kB
#21 1.158 dist/assets/index-DF7muUZ-.css           37.29 kB │ gzip:  7.44 kB
#21 1.158 dist/assets/index-SWdSdSWk.js           314.12 kB │ gzip: 90.73 kB
#21 1.158 
#21 1.159 ✓ built in 327ms
#21 DONE 1.2s

#22 [web stage-1 2/3] COPY --from=build /app/dist /usr/share/nginx/html
#22 DONE 0.1s

#23 [web stage-1 3/3] COPY nginx.docker.conf /etc/nginx/conf.d/default.conf
#23 DONE 0.1s

#24 [web] exporting to image
#24 exporting layers
#24 exporting layers 0.4s done
#24 exporting manifest sha256:ae80aaa2f919c912b1e5dcd8043c65aef9586a060bb6d8f5d39ecc089fce8c09 0.0s done
#24 exporting config sha256:e3bcee7650b1932669c1364b185246146c056af086ef7f1846b51ddb74b5ff4c 0.0s done
#24 exporting attestation manifest sha256:59c9632e7988eee9dc3d3492ce57ed1173fd9bc5767b87f36cae054175abe86b
#24 exporting attestation manifest sha256:59c9632e7988eee9dc3d3492ce57ed1173fd9bc5767b87f36cae054175abe86b 0.1s done
#24 exporting manifest list sha256:8537867a0ffd7dcd0f76671e4fdb16d3520978164f0946a1b5ff6f8c9c06b72f 0.0s done
#24 naming to docker.io/library/propertyrental-web:latest
#24 naming to docker.io/library/propertyrental-web:latest done
#24 unpacking to docker.io/library/propertyrental-web:latest 1.9s done
#24 DONE 2.5s

#25 [web] resolving provenance for metadata file
#25 DONE 0.0s
 Image propertyrental-api Built 
 Image propertyrental-web Built 
